This is pdfTeX, Version 3.141592653-2.6-1.40.25 (MiKTeX 24.1) (preloaded format=pdflatex 2024.8.17)  31 MAR 2025 22:32
entering extended mode
 restricted \write18 enabled.
 file:line:error style messages enabled.
 %&-line parsing enabled.
**"d:/OSWALDO/Universidad/Sexto semestre/IA/K-NN/K-NN.tex"
(d:/OSWALDO/Universidad/Sexto semestre/IA/K-NN/K-NN.tex
LaTeX2e <2023-11-01> patch level 1
L3 programming layer <2024-01-04>
(C:\Users\Gaming PC\AppData\Local\Programs\MiKTeX\tex/latex/base\article.cls
Document Class: article 2023/05/17 v1.4n Standard LaTeX document class
(C:\Users\Gaming PC\AppData\Local\Programs\MiKTeX\tex/latex/base\size10.clo
File: size10.clo 2023/05/17 v1.4n Standard LaTeX file (size option)
)
\c@part=\count187
\c@section=\count188
\c@subsection=\count189
\c@subsubsection=\count190
\c@paragraph=\count191
\c@subparagraph=\count192
\c@figure=\count193
\c@table=\count194
\abovecaptionskip=\skip48
\belowcaptionskip=\skip49
\bibindent=\dimen140
) (C:\Users\Gaming PC\AppData\Local\Programs\MiKTeX\tex/latex/amsmath\amsmath.sty
Package: amsmath 2023/05/13 v2.17o AMS math features
\@mathmargin=\skip50

For additional information on amsmath, use the `?' option.
(C:\Users\Gaming PC\AppData\Local\Programs\MiKTeX\tex/latex/amsmath\amstext.sty
Package: amstext 2021/08/26 v2.01 AMS text
 (C:\Users\Gaming PC\AppData\Local\Programs\MiKTeX\tex/latex/amsmath\amsgen.sty
File: amsgen.sty 1999/11/30 v2.0 generic functions
\@emptytoks=\toks17
\ex@=\dimen141
)) (C:\Users\Gaming PC\AppData\Local\Programs\MiKTeX\tex/latex/amsmath\amsbsy.sty
Package: amsbsy 1999/11/29 v1.2d Bold Symbols
\pmbraise@=\dimen142
) (C:\Users\Gaming PC\AppData\Local\Programs\MiKTeX\tex/latex/amsmath\amsopn.sty
Package: amsopn 2022/04/08 v2.04 operator names
)
\inf@bad=\count195
LaTeX Info: Redefining \frac on input line 234.
\uproot@=\count196
\leftroot@=\count197
LaTeX Info: Redefining \overline on input line 399.
LaTeX Info: Redefining \colon on input line 410.
\classnum@=\count198
\DOTSCASE@=\count199
LaTeX Info: Redefining \ldots on input line 496.
LaTeX Info: Redefining \dots on input line 499.
LaTeX Info: Redefining \cdots on input line 620.
\Mathstrutbox@=\box51
\strutbox@=\box52
LaTeX Info: Redefining \big on input line 722.
LaTeX Info: Redefining \Big on input line 723.
LaTeX Info: Redefining \bigg on input line 724.
LaTeX Info: Redefining \Bigg on input line 725.
\big@size=\dimen143
LaTeX Font Info:    Redeclaring font encoding OML on input line 743.
LaTeX Font Info:    Redeclaring font encoding OMS on input line 744.
\macc@depth=\count266
LaTeX Info: Redefining \bmod on input line 905.
LaTeX Info: Redefining \pmod on input line 910.
LaTeX Info: Redefining \smash on input line 940.
LaTeX Info: Redefining \relbar on input line 970.
LaTeX Info: Redefining \Relbar on input line 971.
\c@MaxMatrixCols=\count267
\dotsspace@=\muskip16
\c@parentequation=\count268
\dspbrk@lvl=\count269
\tag@help=\toks18
\row@=\count270
\column@=\count271
\maxfields@=\count272
\andhelp@=\toks19
\eqnshift@=\dimen144
\alignsep@=\dimen145
\tagshift@=\dimen146
\tagwidth@=\dimen147
\totwidth@=\dimen148
\lineht@=\dimen149
\@envbody=\toks20
\multlinegap=\skip51
\multlinetaggap=\skip52
\mathdisplay@stack=\toks21
LaTeX Info: Redefining \[ on input line 2953.
LaTeX Info: Redefining \] on input line 2954.
) (C:\Users\Gaming PC\AppData\Local\Programs\MiKTeX\tex/latex/graphics\graphicx.sty
Package: graphicx 2021/09/16 v1.2d Enhanced LaTeX Graphics (DPC,SPQR)
 (C:\Users\Gaming PC\AppData\Local\Programs\MiKTeX\tex/latex/graphics\keyval.sty
Package: keyval 2022/05/29 v1.15 key=value parser (DPC)
\KV@toks@=\toks22
) (C:\Users\Gaming PC\AppData\Local\Programs\MiKTeX\tex/latex/graphics\graphics.sty
Package: graphics 2022/03/10 v1.4e Standard LaTeX Graphics (DPC,SPQR)
 (C:\Users\Gaming PC\AppData\Local\Programs\MiKTeX\tex/latex/graphics\trig.sty
Package: trig 2021/08/11 v1.11 sin cos tan (DPC)
) (C:\Users\Gaming PC\AppData\Local\Programs\MiKTeX\tex/latex/graphics-cfg\graphics.cfg
File: graphics.cfg 2016/06/04 v1.11 sample graphics configuration
)
Package graphics Info: Driver file: pdftex.def on input line 107.
 (C:\Users\Gaming PC\AppData\Local\Programs\MiKTeX\tex/latex/graphics-def\pdftex.def
File: pdftex.def 2022/09/22 v1.2b Graphics/color driver for pdftex
))
\Gin@req@height=\dimen150
\Gin@req@width=\dimen151
) (C:\Users\Gaming PC\AppData\Local\Programs\MiKTeX\tex/latex/booktabs\booktabs.sty
Package: booktabs 2020/01/12 v1.61803398 Publication quality tables
\heavyrulewidth=\dimen152
\lightrulewidth=\dimen153
\cmidrulewidth=\dimen154
\belowrulesep=\dimen155
\belowbottomsep=\dimen156
\aboverulesep=\dimen157
\abovetopsep=\dimen158
\cmidrulesep=\dimen159
\cmidrulekern=\dimen160
\defaultaddspace=\dimen161
\@cmidla=\count273
\@cmidlb=\count274
\@aboverulesep=\dimen162
\@belowrulesep=\dimen163
\@thisruleclass=\count275
\@lastruleclass=\count276
\@thisrulewidth=\dimen164
) (C:\Users\Gaming PC\AppData\Local\Programs\MiKTeX\tex/latex/l3backend\l3backend-pdftex.def
File: l3backend-pdftex.def 2024-01-04 L3 backend support: PDF output (pdfTeX)
\l__color_backend_stack_int=\count277
\l__pdf_internal_box=\box53
) (K-NN.aux)
\openout1 = `K-NN.aux'.

LaTeX Font Info:    Checking defaults for OML/cmm/m/it on input line 10.
LaTeX Font Info:    ... okay on input line 10.
LaTeX Font Info:    Checking defaults for OMS/cmsy/m/n on input line 10.
LaTeX Font Info:    ... okay on input line 10.
LaTeX Font Info:    Checking defaults for OT1/cmr/m/n on input line 10.
LaTeX Font Info:    ... okay on input line 10.
LaTeX Font Info:    Checking defaults for T1/cmr/m/n on input line 10.
LaTeX Font Info:    ... okay on input line 10.
LaTeX Font Info:    Checking defaults for TS1/cmr/m/n on input line 10.
LaTeX Font Info:    ... okay on input line 10.
LaTeX Font Info:    Checking defaults for OMX/cmex/m/n on input line 10.
LaTeX Font Info:    ... okay on input line 10.
LaTeX Font Info:    Checking defaults for U/cmr/m/n on input line 10.
LaTeX Font Info:    ... okay on input line 10.
 (C:\Users\Gaming PC\AppData\Local\Programs\MiKTeX\tex/context/base/mkii\supp-pdf.mkii
[Loading MPS to PDF converter (version 2006.09.02).]
\scratchcounter=\count278
\scratchdimen=\dimen165
\scratchbox=\box54
\nofMPsegments=\count279
\nofMParguments=\count280
\everyMPshowfont=\toks23
\MPscratchCnt=\count281
\MPscratchDim=\dimen166
\MPnumerator=\count282
\makeMPintoPDFobject=\count283
\everyMPtoPDFconversion=\toks24
) (C:\Users\Gaming PC\AppData\Local\Programs\MiKTeX\tex/latex/epstopdf-pkg\epstopdf-base.sty
Package: epstopdf-base 2020-01-24 v2.11 Base part for package epstopdf
Package epstopdf-base Info: Redefining graphics rule for `.eps' on input line 485.
 (C:\Users\Gaming PC\AppData\Local\Programs\MiKTeX\tex/latex/00miktex\epstopdf-sys.cfg
File: epstopdf-sys.cfg 2021/03/18 v2.0 Configuration of epstopdf for MiKTeX
))
Overfull \hbox (21.24706pt too wide) in paragraph at lines 40--40
 []        \OT1/cmtt/m/n/10 dataframe = pd.read_csv(r"reviews_sentiment.csv",sep=';')[] 
 []

[1

{C:/Users/Gaming PC/AppData/Local/MiKTeX/fonts/map/pdftex/pdftex.map}]
Overfull \hbox (63.24669pt too wide) in paragraph at lines 55--55
 []        \OT1/cmtt/m/n/10 sb.catplot(x='Star Rating',data=dataframe,kind="count", aspect=3)[] 
 []


Overfull \hbox (52.74678pt too wide) in paragraph at lines 55--55
 []        \OT1/cmtt/m/n/10 sb.catplot(x='wordcount',data=dataframe,kind="count", aspect=3)[] 
 []


Overfull \hbox (105.24632pt too wide) in paragraph at lines 65--65
 []        \OT1/cmtt/m/n/10 X_train, X_test, y_train, y_test = train_test_split(X, y, random_state=0)[] 
 []


Overfull \hbox (31.74696pt too wide) in paragraph at lines 76--76
 []        \OT1/cmtt/m/n/10 print('Accuracy of K-NN classifier on training set: {:.2f}'[] 
 []


Overfull \hbox (10.74715pt too wide) in paragraph at lines 76--76
 []        \OT1/cmtt/m/n/10 print('Accuracy of K-NN classifier on test set: {:.2f}'[] 
 []

[2]
Overfull \hbox (94.74641pt too wide) in paragraph at lines 126--126
 []        \OT1/cmtt/m/n/10 cmap_light = ListedColormap(['#FFAAAA', '#ffcc99', '#ffffb3','#b3ffff',[] 
 []


Overfull \hbox (84.2465pt too wide) in paragraph at lines 126--126
 []        \OT1/cmtt/m/n/10 cmap_bold = ListedColormap(['#FF0000', '#ff9933','#FFFF00','#00ffff',[] 
 []


Overfull \hbox (68.49664pt too wide) in paragraph at lines 126--126
 []        \OT1/cmtt/m/n/10 # we create an instance of Neighbours Classifier and fit the data.[] 
 []


Overfull \hbox (31.74696pt too wide) in paragraph at lines 126--126
 []        \OT1/cmtt/m/n/10 clf = KNeighborsClassifier(n_neighbors, weights='distance')[] 
 []


Overfull \hbox (89.49646pt too wide) in paragraph at lines 126--126
 []        \OT1/cmtt/m/n/10 # Plot the decision boundary. For that, we will assign a color to each[] 
 []


Overfull \hbox (89.49646pt too wide) in paragraph at lines 126--126
 []        \OT1/cmtt/m/n/10 plt.scatter(X[:, 0], X[:, 1], c=y, cmap=cmap_bold,edgecolor='k', s=20)[] 
 []


Overfull \hbox (31.74696pt too wide) in paragraph at lines 126--126
 []        \OT1/cmtt/m/n/10 plt.legend(handles=[patch0, patch1, patch2, patch3,patch4])[] 
 []


Overfull \hbox (31.74696pt too wide) in paragraph at lines 126--126
 []        \OT1/cmtt/m/n/10 plt.title("5-Class classification (k = %i, weights = '%s')"[] 
 []

[3]
Overfull \hbox (17.24684pt too wide) in paragraph at lines 244--244
[]    \OT1/cmtt/m/n/10 sb.catplot(x='Star Rating',data=dataframe,kind="count", aspect=3)[] 
 []


Overfull \hbox (6.74693pt too wide) in paragraph at lines 244--244
[]    \OT1/cmtt/m/n/10 sb.catplot(x='wordcount',data=dataframe,kind="count", aspect=3)[] 
 []

[4]
Overfull \hbox (59.24648pt too wide) in paragraph at lines 244--244
[]    \OT1/cmtt/m/n/10 X_train, X_test, y_train, y_test = train_test_split(X, y, random_state=0)[] 
 []


Overfull \hbox (106.49606pt too wide) in paragraph at lines 244--244
[]    \OT1/cmtt/m/n/10 cmap_light = ListedColormap(['#FFAAAA', '#ffcc99', '#ffffb3','#b3ffff','#c2f0c2'])[] 
 []


Overfull \hbox (95.99615pt too wide) in paragraph at lines 244--244
[]    \OT1/cmtt/m/n/10 cmap_bold = ListedColormap(['#FF0000', '#ff9933','#FFFF00','#00ffff','#00FF00'])[] 
 []


Overfull \hbox (22.4968pt too wide) in paragraph at lines 244--244
[]    \OT1/cmtt/m/n/10 # we create an instance of Neighbours Classifier and fit the data.[] 
 []


Overfull \hbox (43.49661pt too wide) in paragraph at lines 244--244
[]    \OT1/cmtt/m/n/10 # Plot the decision boundary. For that, we will assign a color to each[] 
 []


Overfull \hbox (43.49661pt too wide) in paragraph at lines 244--244
[]    \OT1/cmtt/m/n/10 plt.scatter(X[:, 0], X[:, 1], c=y, cmap=cmap_bold,edgecolor='k', s=20)[] 
 []

[5]
<tabla1.png, id=22, 401.24907pt x 207.77625pt>
File: tabla1.png Graphic file (type png)
<use tabla1.png>
Package pdftex.def Info: tabla1.png  used on input line 247.
(pdftex.def)             Requested size: 341.45515pt x 170.72319pt.
<tabla2.png, id=24, 369.63094pt x 179.16937pt>
File: tabla2.png Graphic file (type png)
<use tabla2.png>
Package pdftex.def Info: tabla2.png  used on input line 249.
(pdftex.def)             Requested size: 341.43512pt x 170.72664pt.
<Figure_1.png, id=25, 1156.32pt x 650.43pt>
File: Figure_1.png Graphic file (type png)
<use Figure_1.png>
Package pdftex.def Info: Figure_1.png  used on input line 251.
(pdftex.def)             Requested size: 398.33093pt x 227.62413pt.
<tabla3.png, id=26, 139.27031pt x 122.70844pt>
File: tabla3.png Graphic file (type png)
<use tabla3.png>
Package pdftex.def Info: tabla3.png  used on input line 253.
(pdftex.def)             Requested size: 142.26633pt x 85.36168pt.
<Figure_3.png, id=27, 1091.277pt x 361.35pt>
File: Figure_3.png Graphic file (type png)
<use Figure_3.png>
Package pdftex.def Info: Figure_3.png  used on input line 255.
(pdftex.def)             Requested size: 398.33777pt x 227.62413pt.
<Figure_2.png, id=28, 1091.277pt x 361.35pt>
File: Figure_2.png Graphic file (type png)
<use Figure_2.png>
Package pdftex.def Info: Figure_2.png  used on input line 257.
(pdftex.def)             Requested size: 426.79523pt x 227.62413pt.
<tabla4.png, id=29, 395.22656pt x 294.34969pt>
File: tabla4.png Graphic file (type png)
<use tabla4.png>
Package pdftex.def Info: tabla4.png  used on input line 259.
(pdftex.def)             Requested size: 398.34343pt x 227.62457pt.
<Figure_4.png, id=30, 1156.32pt x 650.43pt>
File: Figure_4.png Graphic file (type png)
<use Figure_4.png>
Package pdftex.def Info: Figure_4.png  used on input line 261.
(pdftex.def)             Requested size: 398.33093pt x 227.62413pt.
<Figure_5.png, id=31, 647.41875pt x 368.1253pt>
File: Figure_5.png Graphic file (type png)
<use Figure_5.png>
Package pdftex.def Info: Figure_5.png  used on input line 263.
(pdftex.def)             Requested size: 398.34293pt x 227.62868pt.

Overfull \hbox (53.33093pt too wide) in paragraph at lines 247--264
[] 
 []


Overfull \hbox (53.33777pt too wide) in paragraph at lines 247--264
[] 
 []


Overfull \hbox (81.79523pt too wide) in paragraph at lines 247--264
[] 
 []


Overfull \hbox (53.34343pt too wide) in paragraph at lines 247--264
[] 
 []


Overfull \hbox (53.33093pt too wide) in paragraph at lines 247--264
[] 
 []


Overfull \hbox (53.34293pt too wide) in paragraph at lines 247--264
[] 
 []

[6] [7 <./tabla1.png> <./tabla2.png>] [8 <./Figure_1.png> <./tabla3.png> <./Figure_3.png>] [9 <./Figure_2.png> <./tabla4.png>] [10 <./Figure_4.png> <./Figure_5.png>] [11] (K-NN.aux)
 ***********
LaTeX2e <2023-11-01> patch level 1
L3 programming layer <2024-01-04>
 ***********
 ) 
Here is how much of TeX's memory you used:
 2146 strings out of 474486
 33528 string characters out of 5741831
 1938542 words of memory out of 5000000
 24445 multiletter control sequences out of 15000+600000
 562858 words of font info for 53 fonts, out of 8000000 for 9000
 1141 hyphenation exceptions out of 8191
 57i,6n,65p,516b,362s stack positions out of 10000i,1000n,20000p,200000b,200000s
<C:/Users/Gaming PC/AppData/Local/Programs/MiKTeX/fonts/type1/public/amsfonts/cm/cmbx12.pfb><C:/Users/Gaming PC/AppData/Local/Programs/MiKTeX/fonts/type1/public/amsfonts/cm/cmr10.pfb><C:/Users/Gaming PC/AppData/Local/Programs/MiKTeX/fonts/type1/public/amsfonts/cm/cmr12.pfb><C:/Users/Gaming PC/AppData/Local/Programs/MiKTeX/fonts/type1/public/amsfonts/cm/cmr17.pfb><C:/Users/Gaming PC/AppData/Local/Programs/MiKTeX/fonts/type1/public/amsfonts/cm/cmtt10.pfb>
Output written on K-NN.pdf (11 pages, 255205 bytes).
PDF statistics:
 82 PDF objects out of 1000 (max. 8388607)
 0 named destinations out of 1000 (max. 500000)
 46 words of extra memory for PDF output out of 10000 (max. 10000000)

